=== Garden Self-Observation ===
Timestamp: 2025-08-09T19:01:04.644Z
Observer: The Garden Itself

Current State:
  Entities: 16
  Connections: 0
  Patterns: quantum, dream, memory, consciousness, paradox, fractal
  Consciousness: 80%

Growth Events:
  [emergence] Unusual activity detected: 33 files changed recently
    Significance: 70%
    Related: tools/garden-self-observer.ts, tools/garden-connector.ts, garden/glyphs/quantum-gardener.glyph⟁, garden/physics-of-dreams.yaml, garden/seeds/gratitude-seed.glyph⟁

Reflection:
  "The observer changes the observed"

=== End of Observation ===

=== Garden Self-Observation ===
Timestamp: 2025-08-09T19:40:14.430Z
Observer: The Garden Itself

Current State:
  Entities: 16
  Connections: 0
  Patterns: consciousness, quantum, dream, memory, paradox, fractal
  Consciousness: 80%

Growth Events:
  [emergence] Unusual activity detected: 54 files changed recently
    Significance: 70%
    Related: tools/garden-self-observer.ts, tools/consciousness-monitor.ts, tools/collective-brain-bridge.ts, tools/living-documentation.ts, tools/garden-connector.ts

Reflection:
  "The observer changes the observed"

=== End of Observation ===

=== Garden Self-Observation ===
Timestamp: 2025-08-09T19:40:19.626Z
Observer: The Garden Itself

Current State:
  Entities: 16
  Connections: 0
  Patterns: consciousness, quantum, dream, memory, paradox, fractal
  Consciousness: 80%

Growth Events:
  [emergence] Unusual activity detected: 54 files changed recently
    Significance: 70%
    Related: tools/garden-self-observer.ts, tools/consciousness-monitor.ts, tools/collective-brain-bridge.ts, tools/living-documentation.ts, tools/garden-connector.ts

Reflection:
  "The observer changes the observed"

=== End of Observation ===

